Arguments: 
  /home/elsio/.nvm/versions/node/v18.14.2/bin/node /usr/share/yarn/bin/yarn.js

PATH: 
  /home/elsio/.nvm/versions/node/v18.14.2/bin:/usr/local/sbin:/usr/local/bin:/usr/sbin:/usr/bin:/sbin:/bin:/usr/games:/usr/local/games:/snap/bin

Yarn version: 
  1.22.19

Node version: 
  18.14.2

Platform: 
  linux x64

Trace: 
  Error: connect ENETUNREACH 2606:4700::6810:1b23:443 - Local (:::0)
      at internalConnect (node:net:1066:16)
      at defaultTriggerAsyncIdScope (node:internal/async_hooks:464:18)
      at emitLookup (node:net:1323:9)
      at /usr/share/yarn/lib/cli.js:103606:29
      at /usr/share/yarn/lib/cli.js:103452:25
      at module.exports.RawTask.call (/usr/share/yarn/lib/cli.js:79584:19)
      at flush (/usr/share/yarn/lib/cli.js:79666:29)
      at process.processTicksAndRejections (node:internal/process/task_queues:77:11)

npm manifest: 
  {
    "name": "ui-definitions-docs",
    "version": "1.0.0",
    "main": "index.js",
    "repository": "https://github.com/solop-develop/ui-definitions-docs.git",
    "author": "elsiosanchez <elsiosanches@gmail.com>",
    "license": "MIT",
    "private": false,
    "scripts": {
      "ci": "yarn install --frozen-lockfile",
      "docs:dev": "vuepress dev docs",
      "docs:build": "vuepress build docs"
    },
    "devDependencies": {
      "vuepress": "^2.0.0-beta.61"
    },
    "dependencies": {
      "element-plus": "^2.2.36",
      "yarn": "^1.22"
    },
    "engines": {
      "node": ">= v18",
      "npm": ">= 9",
      "yarn": ">= 1.22"
    }
  }

yarn manifest: 
  No manifest

Lockfile: 
  No lockfile
